Starting scraping...
DEBUG: Found 4 active sources
2026-02-16 17:31:01,185 - aggregator.scrapers - INFO - Fetching RSS: CNN Asia (http://rss.cnn.com/rss/edition_asia.rss)
2026-02-16 17:31:02,844 - aggregator.scrapers - INFO - Fetching Facebook: Zeeshan Bilal Facebook Page
2026-02-16 17:31:10,845 - root - INFO - Page Title: Zeeshan Bilal | Facebook
2026-02-16 17:31:10,845 - root - INFO - Clicking 'See more' buttons...
2026-02-16 17:31:11,003 - root - INFO - Extracted 3 raw posts from current view.
2026-02-16 17:31:11,004 - root - INFO - Sample Post Text: Zeeshan Bilal updated their cover photo. 19 July 2024  Shared with Public All reactions: 4 Like Com...
2026-02-16 17:31:11,004 - root - INFO - Total collected unique posts: 2
2026-02-16 17:31:13,018 - root - INFO - Clicking 'See more' buttons...
2026-02-16 17:31:13,130 - root - INFO - Extracted 3 raw posts from current view.
2026-02-16 17:31:13,130 - root - INFO - Sample Post Text: Zeeshan Bilal updated their cover photo. 19 July 2024  Shared with Public All reactions: 4 Like Com...
2026-02-16 17:31:13,130 - root - INFO - Total collected unique posts: 2
2026-02-16 17:31:15,143 - root - INFO - Clicking 'See more' buttons...
2026-02-16 17:31:15,256 - root - INFO - Extracted 3 raw posts from current view.
2026-02-16 17:31:15,257 - root - INFO - Sample Post Text: Zeeshan Bilal updated their cover photo. 19 July 2024  Shared with Public All reactions: 4 Like Com...
2026-02-16 17:31:15,257 - root - INFO - Total collected unique posts: 2
2026-02-16 17:31:17,272 - root - INFO - Clicking 'See more' buttons...
2026-02-16 17:31:17,391 - root - INFO - Extracted 3 raw posts from current view.
2026-02-16 17:31:17,391 - root - INFO - Sample Post Text: Zeeshan Bilal updated their cover photo. 19 July 2024  Shared with Public All reactions: 4 Like Com...
2026-02-16 17:31:17,392 - root - INFO - Total collected unique posts: 2
2026-02-16 17:31:19,406 - root - INFO - Clicking 'See more' buttons...
2026-02-16 17:31:19,522 - root - INFO - Extracted 3 raw posts from current view.
2026-02-16 17:31:19,522 - root - INFO - Sample Post Text: Zeeshan Bilal updated their cover photo. 19 July 2024  Shared with Public All reactions: 4 Like Com...
2026-02-16 17:31:19,522 - root - INFO - Total collected unique posts: 2
2026-02-16 17:31:21,538 - root - INFO - Clicking 'See more' buttons...
2026-02-16 17:31:21,675 - root - INFO - Extracted 3 raw posts from current view.
2026-02-16 17:31:21,675 - root - INFO - Sample Post Text: Zeeshan Bilal updated their cover photo. 19 July 2024  Shared with Public All reactions: 4 Like Com...
2026-02-16 17:31:21,675 - root - INFO - Total collected unique posts: 2
2026-02-16 17:31:23,685 - root - INFO - Clicking 'See more' buttons...
2026-02-16 17:31:23,793 - root - INFO - Extracted 3 raw posts from current view.
2026-02-16 17:31:23,793 - root - INFO - Sample Post Text: Zeeshan Bilal updated their cover photo. 19 July 2024  Shared with Public All reactions: 4 Like Com...
2026-02-16 17:31:23,793 - root - INFO - Total collected unique posts: 2
2026-02-16 17:31:25,805 - root - INFO - Clicking 'See more' buttons...
2026-02-16 17:31:25,914 - root - INFO - Extracted 3 raw posts from current view.
2026-02-16 17:31:25,914 - root - INFO - Sample Post Text: Zeeshan Bilal updated their cover photo. 19 July 2024  Shared with Public All reactions: 4 Like Com...
2026-02-16 17:31:25,914 - root - INFO - Total collected unique posts: 2
2026-02-16 17:31:27,926 - root - INFO - Clicking 'See more' buttons...
2026-02-16 17:31:28,030 - root - INFO - Extracted 3 raw posts from current view.
2026-02-16 17:31:28,030 - root - INFO - Sample Post Text: Zeeshan Bilal updated their cover photo. 19 July 2024  Shared with Public All reactions: 4 Like Com...
2026-02-16 17:31:28,031 - root - INFO - Total collected unique posts: 2
2026-02-16 17:31:30,041 - root - INFO - Clicking 'See more' buttons...
2026-02-16 17:31:30,160 - root - INFO - Extracted 3 raw posts from current view.
2026-02-16 17:31:30,160 - root - INFO - Sample Post Text: Zeeshan Bilal updated their cover photo. 19 July 2024  Shared with Public All reactions: 4 Like Com...
2026-02-16 17:31:30,161 - root - INFO - Total collected unique posts: 2
2026-02-16 17:31:32,174 - root - INFO - Clicking 'See more' buttons...
2026-02-16 17:31:32,284 - root - INFO - Extracted 3 raw posts from current view.
2026-02-16 17:31:32,284 - root - INFO - Sample Post Text: Zeeshan Bilal updated their cover photo. 19 July 2024  Shared with Public All reactions: 4 Like Com...
2026-02-16 17:31:32,284 - root - INFO - Total collected unique posts: 2
2026-02-16 17:31:34,302 - root - INFO - Clicking 'See more' buttons...
2026-02-16 17:31:34,414 - root - INFO - Extracted 3 raw posts from current view.
2026-02-16 17:31:34,414 - root - INFO - Sample Post Text: Zeeshan Bilal updated their cover photo. 19 July 2024  Shared with Public All reactions: 4 Like Com...
2026-02-16 17:31:34,414 - root - INFO - Total collected unique posts: 2
2026-02-16 17:31:36,423 - root - INFO - Clicking 'See more' buttons...
2026-02-16 17:31:36,533 - root - INFO - Extracted 3 raw posts from current view.
2026-02-16 17:31:36,533 - root - INFO - Sample Post Text: Zeeshan Bilal updated their cover photo. 19 July 2024  Shared with Public All reactions: 4 Like Com...
2026-02-16 17:31:36,533 - root - INFO - Total collected unique posts: 2
2026-02-16 17:31:38,553 - root - INFO - Clicking 'See more' buttons...
2026-02-16 17:31:38,660 - root - INFO - Extracted 3 raw posts from current view.
2026-02-16 17:31:38,660 - root - INFO - Sample Post Text: Zeeshan Bilal updated their cover photo. 19 July 2024  Shared with Public All reactions: 4 Like Com...
2026-02-16 17:31:38,660 - root - INFO - Total collected unique posts: 2
Traceback (most recent call last):
  File "C:\Program Files\WindowsApps\PythonSoftwareFoundation.Python.3.11_3.11.2544.0_x64__qbz5n2kfra8p0\Lib\asyncio\runners.py", line 118, in run
    return self._loop.run_until_complete(task)
           ^^^^^^^^^^^^^^^^^^^^^^^^^^^^^^^^^^^
  File "C:\Program Files\WindowsApps\PythonSoftwareFoundation.Python.3.11_3.11.2544.0_x64__qbz5n2kfra8p0\Lib\asyncio\base_events.py", line 654, in run_until_complete
    return future.result()
           ^^^^^^^^^^^^^^^
  File "D:\burmafinal\aggregator\fb_scraper.py", line 410, in _run
    return await scrape_facebook_posts(
           ^^^^^^^^^^^^^^^^^^^^^^^^^^^^
  File "D:\burmafinal\aggregator\fb_scraper.py", line 302, in scrape_facebook_posts
    await page.wait_for_timeout(int(scroll_delay * 1000))
  File "C:\Users\Hashserver\AppData\Local\Packages\PythonSoftwareFoundation.Python.3.11_qbz5n2kfra8p0\LocalCache\local-packages\Python311\site-packages\playwright\async_api\_generated.py", line 11471, in wait_for_timeout
    await self._impl_obj.wait_for_timeout(timeout=timeout)
  File "C:\Users\Hashserver\AppData\Local\Packages\PythonSoftwareFoundation.Python.3.11_qbz5n2kfra8p0\LocalCache\local-packages\Python311\site-packages\playwright\_impl\_page.py", line 1101, in wait_for_timeout
    await self._main_frame.wait_for_timeout(timeout)
  File "C:\Users\Hashserver\AppData\Local\Packages\PythonSoftwareFoundation.Python.3.11_qbz5n2kfra8p0\LocalCache\local-packages\Python311\site-packages\playwright\_impl\_frame.py", line 862, in wait_for_timeout
    await self._channel.send("waitForTimeout", None, {"waitTimeout": timeout})
  File "C:\Users\Hashserver\AppData\Local\Packages\PythonSoftwareFoundation.Python.3.11_qbz5n2kfra8p0\LocalCache\local-packages\Python311\site-packages\playwright\_impl\_connection.py", line 69, in send
    return await self._connection.wrap_api_call(
           ^^^^^^^^^^^^^^^^^^^^^^^^^^^^^^^^^^^^^
  File "C:\Users\Hashserver\AppData\Local\Packages\PythonSoftwareFoundation.Python.3.11_qbz5n2kfra8p0\LocalCache\local-packages\Python311\site-packages\playwright\_impl\_connection.py", line 557, in wrap_api_call
    return await cb()
           ^^^^^^^^^^
  File "C:\Users\Hashserver\AppData\Local\Packages\PythonSoftwareFoundation.Python.3.11_qbz5n2kfra8p0\LocalCache\local-packages\Python311\site-packages\playwright\_impl\_connection.py", line 123, in _inner_send
    done, _ = await asyncio.wait(
              ^^^^^^^^^^^^^^^^^^^
  File "C:\Program Files\WindowsApps\PythonSoftwareFoundation.Python.3.11_3.11.2544.0_x64__qbz5n2kfra8p0\Lib\asyncio\tasks.py", line 428, in wait
    return await _wait(fs, timeout, return_when, loop)
           ^^^^^^^^^^^^^^^^^^^^^^^^^^^^^^^^^^^^^^^^^^^
  File "C:\Program Files\WindowsApps\PythonSoftwareFoundation.Python.3.11_3.11.2544.0_x64__qbz5n2kfra8p0\Lib\asyncio\tasks.py", line 535, in _wait
    await waiter
asyncio.exceptions.CancelledError

During handling of the above exception, another exception occurred:

Traceback (most recent call last):
  File "D:\burmafinal\manage.py", line 22, in <module>
    main()
  File "D:\burmafinal\manage.py", line 18, in main
    execute_from_command_line(sys.argv)
  File "C:\Users\Hashserver\AppData\Local\Packages\PythonSoftwareFoundation.Python.3.11_qbz5n2kfra8p0\LocalCache\local-packages\Python311\site-packages\django\core\management\__init__.py", line 442, in execute_from_command_line
    utility.execute()
  File "C:\Users\Hashserver\AppData\Local\Packages\PythonSoftwareFoundation.Python.3.11_qbz5n2kfra8p0\LocalCache\local-packages\Python311\site-packages\django\core\management\__init__.py", line 436, in execute
    self.fetch_command(subcommand).run_from_argv(self.argv)
  File "C:\Users\Hashserver\AppData\Local\Packages\PythonSoftwareFoundation.Python.3.11_qbz5n2kfra8p0\LocalCache\local-packages\Python311\site-packages\django\core\management\base.py", line 420, in run_from_argv
    self.execute(*args, **cmd_options)
  File "C:\Users\Hashserver\AppData\Local\Packages\PythonSoftwareFoundation.Python.3.11_qbz5n2kfra8p0\LocalCache\local-packages\Python311\site-packages\django\core\management\base.py", line 464, in execute
    output = self.handle(*args, **options)
             ^^^^^^^^^^^^^^^^^^^^^^^^^^^^^
  File "D:\burmafinal\aggregator\management\commands\scrape_news.py", line 9, in handle
    count = run_scraping()
            ^^^^^^^^^^^^^^
  File "D:\burmafinal\aggregator\scrapers.py", line 149, in run_scraping
    total_new += fetch_facebook(source)
                 ^^^^^^^^^^^^^^^^^^^^^^
  File "D:\burmafinal\aggregator\scrapers.py", line 97, in fetch_facebook
    posts = fetch_posts(source.url, limit=5)
            ^^^^^^^^^^^^^^^^^^^^^^^^^^^^^^^^
  File "D:\burmafinal\aggregator\fb_scraper.py", line 433, in fetch_posts
    raw_posts = asyncio.run(_run())
                ^^^^^^^^^^^^^^^^^^^
  File "C:\Program Files\WindowsApps\PythonSoftwareFoundation.Python.3.11_3.11.2544.0_x64__qbz5n2kfra8p0\Lib\asyncio\runners.py", line 190, in run
    return runner.run(main)
           ^^^^^^^^^^^^^^^^
  File "C:\Program Files\WindowsApps\PythonSoftwareFoundation.Python.3.11_3.11.2544.0_x64__qbz5n2kfra8p0\Lib\asyncio\runners.py", line 123, in run
    raise KeyboardInterrupt()
KeyboardInterrupt
2026-02-16 17:31:39,542 - asyncio - ERROR - Future exception was never retrieved
future: <Future finished exception=TargetClosedError('Target page, context or browser has been closed')>
playwright._impl._errors.TargetClosedError: Target page, context or browser has been closed
^C