Starting scraping...
DEBUG: Found 4 active sources
2026-02-16 17:15:58,612 - aggregator.scrapers - INFO - Fetching RSS: CNN Asia (http://rss.cnn.com/rss/edition_asia.rss)
2026-02-16 17:15:59,749 - aggregator.scrapers - INFO - Fetching Facebook: Zeeshan Bilal Facebook Page
2026-02-16 17:16:07,997 - root - INFO - Clicking 'See more' buttons...
2026-02-16 17:16:10,159 - root - INFO - Clicking 'See more' buttons...
2026-02-16 17:16:12,293 - root - INFO - Clicking 'See more' buttons...
2026-02-16 17:16:14,421 - root - INFO - Clicking 'See more' buttons...
2026-02-16 17:16:16,550 - root - INFO - Clicking 'See more' buttons...
2026-02-16 17:16:18,680 - root - INFO - Clicking 'See more' buttons...
2026-02-16 17:16:20,848 - root - INFO - Clicking 'See more' buttons...
2026-02-16 17:16:22,988 - root - INFO - Clicking 'See more' buttons...
2026-02-16 17:16:25,125 - root - INFO - Clicking 'See more' buttons...
2026-02-16 17:16:27,264 - root - INFO - Clicking 'See more' buttons...
2026-02-16 17:16:29,393 - root - INFO - Clicking 'See more' buttons...
2026-02-16 17:16:31,530 - root - INFO - Clicking 'See more' buttons...
2026-02-16 17:16:33,665 - root - INFO - Clicking 'See more' buttons...
2026-02-16 17:16:35,816 - root - INFO - Clicking 'See more' buttons...
2026-02-16 17:16:37,955 - root - INFO - Clicking 'See more' buttons...
2026-02-16 17:16:40,089 - root - INFO - Clicking 'See more' buttons...
2026-02-16 17:16:42,220 - root - INFO - Clicking 'See more' buttons...
2026-02-16 17:16:44,357 - root - INFO - Clicking 'See more' buttons...
2026-02-16 17:16:46,494 - root - INFO - Clicking 'See more' buttons...
2026-02-16 17:16:48,631 - root - INFO - Clicking 'See more' buttons...
2026-02-16 17:16:50,753 - root - INFO - Clicking 'See more' buttons...
2026-02-16 17:16:52,933 - root - INFO - Clicking 'See more' buttons...
2026-02-16 17:16:55,053 - root - INFO - Clicking 'See more' buttons...
Traceback (most recent call last):
  File "C:\Program Files\WindowsApps\PythonSoftwareFoundation.Python.3.11_3.11.2544.0_x64__qbz5n2kfra8p0\Lib\asyncio\runners.py", line 118, in run
    return self._loop.run_until_complete(task)
           ^^^^^^^^^^^^^^^^^^^^^^^^^^^^^^^^^^^
  File "C:\Program Files\WindowsApps\PythonSoftwareFoundation.Python.3.11_3.11.2544.0_x64__qbz5n2kfra8p0\Lib\asyncio\base_events.py", line 654, in run_until_complete
    return future.result()
           ^^^^^^^^^^^^^^^
  File "D:\burmafinal\aggregator\fb_scraper.py", line 368, in _run
    return await scrape_facebook_posts(
           ^^^^^^^^^^^^^^^^^^^^^^^^^^^^
  File "D:\burmafinal\aggregator\fb_scraper.py", line 267, in scrape_facebook_posts
    await page.wait_for_timeout(int(scroll_delay * 1000))
  File "C:\Users\Hashserver\AppData\Local\Packages\PythonSoftwareFoundation.Python.3.11_qbz5n2kfra8p0\LocalCache\local-packages\Python311\site-packages\playwright\async_api\_generated.py", line 11471, in wait_for_timeout
    await self._impl_obj.wait_for_timeout(timeout=timeout)
  File "C:\Users\Hashserver\AppData\Local\Packages\PythonSoftwareFoundation.Python.3.11_qbz5n2kfra8p0\LocalCache\local-packages\Python311\site-packages\playwright\_impl\_page.py", line 1101, in wait_for_timeout
    await self._main_frame.wait_for_timeout(timeout)
  File "C:\Users\Hashserver\AppData\Local\Packages\PythonSoftwareFoundation.Python.3.11_qbz5n2kfra8p0\LocalCache\local-packages\Python311\site-packages\playwright\_impl\_frame.py", line 862, in wait_for_timeout
    await self._channel.send("waitForTimeout", None, {"waitTimeout": timeout})
  File "C:\Users\Hashserver\AppData\Local\Packages\PythonSoftwareFoundation.Python.3.11_qbz5n2kfra8p0\LocalCache\local-packages\Python311\site-packages\playwright\_impl\_connection.py", line 69, in send
    return await self._connection.wrap_api_call(
           ^^^^^^^^^^^^^^^^^^^^^^^^^^^^^^^^^^^^^
  File "C:\Users\Hashserver\AppData\Local\Packages\PythonSoftwareFoundation.Python.3.11_qbz5n2kfra8p0\LocalCache\local-packages\Python311\site-packages\playwright\_impl\_connection.py", line 557, in wrap_api_call
    return await cb()
           ^^^^^^^^^^
  File "C:\Users\Hashserver\AppData\Local\Packages\PythonSoftwareFoundation.Python.3.11_qbz5n2kfra8p0\LocalCache\local-packages\Python311\site-packages\playwright\_impl\_connection.py", line 123, in _inner_send
    done, _ = await asyncio.wait(
              ^^^^^^^^^^^^^^^^^^^
  File "C:\Program Files\WindowsApps\PythonSoftwareFoundation.Python.3.11_3.11.2544.0_x64__qbz5n2kfra8p0\Lib\asyncio\tasks.py", line 428, in wait
    return await _wait(fs, timeout, return_when, loop)
           ^^^^^^^^^^^^^^^^^^^^^^^^^^^^^^^^^^^^^^^^^^^
  File "C:\Program Files\WindowsApps\PythonSoftwareFoundation.Python.3.11_3.11.2544.0_x64__qbz5n2kfra8p0\Lib\asyncio\tasks.py", line 535, in _wait
    await waiter
asyncio.exceptions.CancelledError

During handling of the above exception, another exception occurred:

Traceback (most recent call last):
  File "D:\burmafinal\manage.py", line 22, in <module>
    main()
  File "D:\burmafinal\manage.py", line 18, in main
    execute_from_command_line(sys.argv)
  File "C:\Users\Hashserver\AppData\Local\Packages\PythonSoftwareFoundation.Python.3.11_qbz5n2kfra8p0\LocalCache\local-packages\Python311\site-packages\django\core\management\__init__.py", line 442, in execute_from_command_line
    utility.execute()
  File "C:\Users\Hashserver\AppData\Local\Packages\PythonSoftwareFoundation.Python.3.11_qbz5n2kfra8p0\LocalCache\local-packages\Python311\site-packages\django\core\management\__init__.py", line 436, in execute
    self.fetch_command(subcommand).run_from_argv(self.argv)
  File "C:\Users\Hashserver\AppData\Local\Packages\PythonSoftwareFoundation.Python.3.11_qbz5n2kfra8p0\LocalCache\local-packages\Python311\site-packages\django\core\management\base.py", line 420, in run_from_argv
    self.execute(*args, **cmd_options)
  File "C:\Users\Hashserver\AppData\Local\Packages\PythonSoftwareFoundation.Python.3.11_qbz5n2kfra8p0\LocalCache\local-packages\Python311\site-packages\django\core\management\base.py", line 464, in execute
    output = self.handle(*args, **options)
             ^^^^^^^^^^^^^^^^^^^^^^^^^^^^^
  File "D:\burmafinal\aggregator\management\commands\scrape_news.py", line 9, in handle
    count = run_scraping()
            ^^^^^^^^^^^^^^
  File "D:\burmafinal\aggregator\scrapers.py", line 149, in run_scraping
    total_new += fetch_facebook(source)
                 ^^^^^^^^^^^^^^^^^^^^^^
  File "D:\burmafinal\aggregator\scrapers.py", line 97, in fetch_facebook
    posts = fetch_posts(source.url, limit=5)
            ^^^^^^^^^^^^^^^^^^^^^^^^^^^^^^^^
  File "D:\burmafinal\aggregator\fb_scraper.py", line 391, in fetch_posts
    raw_posts = asyncio.run(_run())
                ^^^^^^^^^^^^^^^^^^^
  File "C:\Program Files\WindowsApps\PythonSoftwareFoundation.Python.3.11_3.11.2544.0_x64__qbz5n2kfra8p0\Lib\asyncio\runners.py", line 190, in run
    return runner.run(main)
           ^^^^^^^^^^^^^^^^
  File "C:\Program Files\WindowsApps\PythonSoftwareFoundation.Python.3.11_3.11.2544.0_x64__qbz5n2kfra8p0\Lib\asyncio\runners.py", line 123, in run
    raise KeyboardInterrupt()
KeyboardInterrupt
2026-02-16 17:16:56,602 - asyncio - ERROR - Future exception was never retrieved
future: <Future finished exception=TargetClosedError('Target page, context or browser has been closed')>
playwright._impl._errors.TargetClosedError: Target page, context or browser has been closed
^C